app/build/intermediates/manifest_merge_blame_file/debug/manifest-merger-blame-debug-report.txt
1<?xml version="1.0" encoding="utf-8"?>
2<manifest xmlns:android="http://schemas.android.com/apk/res/android"
3    package="com.example.rockpaperscissors"
4    android:versionCode="1"
5    android:versionName="1.0" >
6
7    <uses-sdk
7-->src\main\AndroidManifest.xml:7:5-47
8        android:minSdkVersion="8"
8-->src\main\AndroidManifest.xml:7:5-47
9        android:targetSdkVersion="17" />
9-->src\main\AndroidManifest.xml:7:15-44
10
11    <application
11-->src\main\AndroidManifest.xml:9:5-64:19
12        android:allowBackup="true"
12-->src\main\AndroidManifest.xml:10:9-35
13        android:debuggable="true"
14        android:icon="@drawable/ic_launcher"
14-->src\main\AndroidManifest.xml:11:9-45
15        android:label="@string/app_name"
15-->src\main\AndroidManifest.xml:12:9-41
16        android:testOnly="true"
17        android:theme="@style/AppTheme" >
17-->src\main\AndroidManifest.xml:13:9-40
18        <activity
18-->src\main\AndroidManifest.xml:14:9-22:20
19            android:name="com.example.rockpaperscissors.SplashActivity"
19-->src\main\AndroidManifest.xml:15:13-72
20            android:label="@string/app_name" >
20-->src\main\AndroidManifest.xml:16:13-45
21            <intent-filter>
21-->src\main\AndroidManifest.xml:17:13-21:29
22                <action android:name="android.intent.action.MAIN" />
22-->src\main\AndroidManifest.xml:18:17-69
22-->src\main\AndroidManifest.xml:18:25-66
23
24                <category android:name="android.intent.category.LAUNCHER" />
24-->src\main\AndroidManifest.xml:20:17-77
24-->src\main\AndroidManifest.xml:20:27-74
25            </intent-filter>
26        </activity>
27        <activity
27-->src\main\AndroidManifest.xml:23:9-27:20
28            android:name="com.example.rockpaperscissors.LoginActivity"
28-->src\main\AndroidManifest.xml:24:13-71
29            android:label="@string/title_activity_login"
29-->src\main\AndroidManifest.xml:25:13-57
30            android:windowSoftInputMode="adjustResize|stateVisible" >
30-->src\main\AndroidManifest.xml:26:13-68
31        </activity>
32        <activity
32-->src\main\AndroidManifest.xml:28:9-31:20
33            android:name="com.example.rockpaperscissors.SignUpActivity"
33-->src\main\AndroidManifest.xml:29:13-72
34            android:label="@string/title_activity_signup" >
34-->src\main\AndroidManifest.xml:30:13-58
35        </activity>
36        <activity
36-->src\main\AndroidManifest.xml:32:9-35:20
37            android:name="com.example.rockpaperscissors.SigninActivity"
37-->src\main\AndroidManifest.xml:33:13-72
38            android:label="@string/title_activity_signin" >
38-->src\main\AndroidManifest.xml:34:13-58
39        </activity>
40        <activity
40-->src\main\AndroidManifest.xml:36:9-39:20
41            android:name="com.example.rockpaperscissors.ModesActivity"
41-->src\main\AndroidManifest.xml:37:13-71
42            android:label="@string/title_activity_modes" >
42-->src\main\AndroidManifest.xml:38:13-57
43        </activity>
44        <activity
44-->src\main\AndroidManifest.xml:40:9-43:20
45            android:name="com.example.rockpaperscissors.SettingsActivity"
45-->src\main\AndroidManifest.xml:41:13-74
46            android:label="@string/title_activity_settings" >
46-->src\main\AndroidManifest.xml:42:13-60
47        </activity>
48        <activity
48-->src\main\AndroidManifest.xml:44:9-47:20
49            android:name="com.example.rockpaperscissors.ScoresActivity"
49-->src\main\AndroidManifest.xml:45:13-72
50            android:label="@string/title_activity_scores" >
50-->src\main\AndroidManifest.xml:46:13-58
51        </activity>
52        <activity
52-->src\main\AndroidManifest.xml:48:9-51:20
53            android:name="com.example.rockpaperscissors.HomePageActivity"
53-->src\main\AndroidManifest.xml:49:13-74
54            android:label="@string/title_activity_main" >
54-->src\main\AndroidManifest.xml:50:13-56
55        </activity>
56        <activity
56-->src\main\AndroidManifest.xml:52:9-55:20
57            android:name="com.example.rockpaperscissors.RulesActivity"
57-->src\main\AndroidManifest.xml:53:13-71
58            android:label="@string/title_activity_rules" >
58-->src\main\AndroidManifest.xml:54:13-57
59        </activity>
60        <activity
60-->src\main\AndroidManifest.xml:56:9-59:20
61            android:name="com.example.rockpaperscissors.ClassicGameActivity"
61-->src\main\AndroidManifest.xml:57:13-77
62            android:label="@string/title_activity_classic_game" >
62-->src\main\AndroidManifest.xml:58:13-64
63        </activity>
64        <activity
64-->src\main\AndroidManifest.xml:60:9-63:20
65            android:name="com.example.rockpaperscissors.AdvancedGameActivity"
65-->src\main\AndroidManifest.xml:61:13-78
66            android:label="@string/title_activity_advanced_game" >
66-->src\main\AndroidManifest.xml:62:13-65
67        </activity>
68    </application>
69
70</manifest>